# JRE version: OpenJDK Runtime Environment (11.0.13) (build 11.0.13+0-b1751.21-8125866)
# Java VM: OpenJDK 64-Bit Server VM (11.0.13+0-b1751.21-8125866, mixed mode, tiered, compressed oops, g1 gc, windows-amd64)
Heap:
 garbage-first heap   total 131072K, used 105513K [0x00000000a0000000, 0x0000000100000000)
  region size 1024K, 20 young (20480K), 3 survivors (3072K)
 Metaspace       used 88463K, capacity 91021K, committed 91176K, reserved 1128448K
  class space    used 11589K, capacity 12538K, committed 12632K, reserved 1048576K
GC Heap History (20 events):
Event: 72.484 GC heap before
{Heap before GC invocations=17 (full 0):
 garbage-first heap   total 131072K, used 104738K [0x00000000a0000000, 0x0000000100000000)
  region size 1024K, 40 young (40960K), 4 survivors (4096K)
 Metaspace       used 69532K, capacity 71522K, committed 71848K, reserved 1112064K
  class space    used 8817K, capacity 9582K, committed 9688K, reserved 1048576K
}
Event: 72.501 GC heap after
{Heap after GC invocations=18 (full 0):
 garbage-first heap   total 131072K, used 69168K [0x00000000a0000000, 0x0000000100000000)
  region size 1024K, 2 young (2048K), 2 survivors (2048K)
 Metaspace       used 69532K, capacity 71522K, committed 71848K, reserved 1112064K
  class space    used 8817K, capacity 9582K, committed 9688K, reserved 1048576K
}
Event: 73.242 GC heap before
{Heap before GC invocations=19 (full 0):
 garbage-first heap   total 131072K, used 105008K [0x00000000a0000000, 0x0000000100000000)
  region size 1024K, 38 young (38912K), 2 survivors (2048K)
 Metaspace       used 69984K, capacity 72083K, committed 72360K, reserved 1112064K
  class space    used 8866K, capacity 9641K, committed 9688K, reserved 1048576K
}
Event: 73.252 GC heap after
{Heap after GC invocations=20 (full 0):
 garbage-first heap   total 131072K, used 70979K [0x00000000a0000000, 0x0000000100000000)
  region size 1024K, 4 young (4096K), 4 survivors (4096K)
 Metaspace       used 69984K, capacity 72083K, committed 72360K, reserved 1112064K
  class space    used 8866K, capacity 9641K, committed 9688K, reserved 1048576K
}
Event: 74.907 GC heap before
{Heap before GC invocations=20 (full 0):
 garbage-first heap   total 131072K, used 106819K [0x00000000a0000000, 0x0000000100000000)
  region size 1024K, 39 young (39936K), 4 survivors (4096K)
 Metaspace       used 73575K, capacity 75680K, committed 75816K, reserved 1114112K
  class space    used 9494K, capacity 10263K, committed 10328K, reserved 1048576K
}
Event: 74.926 GC heap after
{Heap after GC invocations=21 (full 0):
 garbage-first heap   total 131072K, used 72689K [0x00000000a0000000, 0x0000000100000000)
  region size 1024K, 2 young (2048K), 2 survivors (2048K)
 Metaspace       used 73575K, capacity 75680K, committed 75816K, reserved 1114112K
  class space    used 9494K, capacity 10263K, committed 10328K, reserved 1048576K
}
Event: 76.607 GC heap before
{Heap before GC invocations=22 (full 0):
 garbage-first heap   total 131072K, used 107505K [0x00000000a0000000, 0x0000000100000000)
  region size 1024K, 36 young (36864K), 2 survivors (2048K)
 Metaspace       used 76309K, capacity 78393K, committed 78504K, reserved 1118208K
  class space    used 9871K, capacity 10640K, committed 10712K, reserved 1048576K
}
Event: 76.617 GC heap after
{Heap after GC invocations=23 (full 0):
 garbage-first heap   total 131072K, used 74942K [0x00000000a0000000, 0x0000000100000000)
  region size 1024K, 4 young (4096K), 4 survivors (4096K)
 Metaspace       used 76309K, capacity 78393K, committed 78504K, reserved 1118208K
  class space    used 9871K, capacity 10640K, committed 10712K, reserved 1048576K
}
Event: 77.478 GC heap before
{Heap before GC invocations=23 (full 0):
 garbage-first heap   total 131072K, used 108734K [0x00000000a0000000, 0x0000000100000000)
  region size 1024K, 37 young (37888K), 4 survivors (4096K)
 Metaspace       used 77322K, capacity 79496K, committed 79784K, reserved 1118208K
  class space    used 10046K, capacity 10837K, committed 10968K, reserved 1048576K
}
Event: 77.503 GC heap after
{Heap after GC invocations=24 (full 0):
 garbage-first heap   total 131072K, used 77999K [0x00000000a0000000, 0x0000000100000000)
  region size 1024K, 5 young (5120K), 5 survivors (5120K)
 Metaspace       used 77322K, capacity 79496K, committed 79784K, reserved 1118208K
  class space    used 10046K, capacity 10837K, committed 10968K, reserved 1048576K
}
Event: 78.706 GC heap before
{Heap before GC invocations=25 (full 0):
 garbage-first heap   total 131072K, used 109743K [0x00000000a0000000, 0x0000000100000000)
  region size 1024K, 36 young (36864K), 5 survivors (5120K)
 Metaspace       used 79380K, capacity 81670K, committed 81960K, reserved 1120256K
  class space    used 10341K, capacity 11231K, committed 11352K, reserved 1048576K
}
Event: 78.722 GC heap after
{Heap after GC invocations=26 (full 0):
 garbage-first heap   total 131072K, used 80606K [0x00000000a0000000, 0x0000000100000000)
  region size 1024K, 3 young (3072K), 3 survivors (3072K)
 Metaspace       used 79380K, capacity 81670K, committed 81960K, reserved 1120256K
  class space    used 10341K, capacity 11231K, committed 11352K, reserved 1048576K
}
Event: 79.840 GC heap before
{Heap before GC invocations=26 (full 0):
 garbage-first heap   total 131072K, used 109278K [0x00000000a0000000, 0x0000000100000000)
  region size 1024K, 31 young (31744K), 3 survivors (3072K)
 Metaspace       used 81891K, capacity 84167K, committed 84264K, reserved 1122304K
  class space    used 10700K, capacity 11584K, committed 11608K, reserved 1048576K
}
Event: 79.854 GC heap after
{Heap after GC invocations=27 (full 0):
 garbage-first heap   total 131072K, used 82374K [0x00000000a0000000, 0x0000000100000000)
  region size 1024K, 2 young (2048K), 2 survivors (2048K)
 Metaspace       used 81891K, capacity 84167K, committed 84264K, reserved 1122304K
  class space    used 10700K, capacity 11584K, committed 11608K, reserved 1048576K
}
Event: 81.303 GC heap before
{Heap before GC invocations=28 (full 0):
 garbage-first heap   total 131072K, used 111046K [0x00000000a0000000, 0x0000000100000000)
  region size 1024K, 30 young (30720K), 2 survivors (2048K)
 Metaspace       used 85309K, capacity 87680K, committed 87848K, reserved 1124352K
  class space    used 11168K, capacity 12060K, committed 12120K, reserved 1048576K
}
Event: 81.315 GC heap after
{Heap after GC invocations=29 (full 0):
 garbage-first heap   total 131072K, used 84150K [0x00000000a0000000, 0x0000000100000000)
  region size 1024K, 4 young (4096K), 4 survivors (4096K)
 Metaspace       used 85309K, capacity 87680K, committed 87848K, reserved 1124352K
  class space    used 11168K, capacity 12060K, committed 12120K, reserved 1048576K
}
Event: 82.313 GC heap before
{Heap before GC invocations=29 (full 0):
 garbage-first heap   total 131072K, used 110774K [0x00000000a0000000, 0x0000000100000000)
  region size 1024K, 30 young (30720K), 4 survivors (4096K)
 Metaspace       used 86663K, capacity 89092K, committed 89384K, reserved 1126400K
  class space    used 11315K, capacity 12245K, committed 12376K, reserved 1048576K
}
Event: 82.326 GC heap after
{Heap after GC invocations=30 (full 0):
 garbage-first heap   total 131072K, used 86711K [0x00000000a0000000, 0x0000000100000000)
  region size 1024K, 4 young (4096K), 4 survivors (4096K)
 Metaspace       used 86663K, capacity 89092K, committed 89384K, reserved 1126400K
  class space    used 11315K, capacity 12245K, committed 12376K, reserved 1048576K
}
Event: 83.696 GC heap before
{Heap before GC invocations=31 (full 0):
 garbage-first heap   total 131072K, used 110263K [0x00000000a0000000, 0x0000000100000000)
  region size 1024K, 28 young (28672K), 4 survivors (4096K)
 Metaspace       used 87920K, capacity 90460K, committed 90536K, reserved 1128448K
  class space    used 11501K, capacity 12457K, committed 12504K, reserved 1048576K
}
Event: 83.712 GC heap after
{Heap after GC invocations=32 (full 0):
 garbage-first heap   total 131072K, used 89129K [0x00000000a0000000, 0x0000000100000000)
  region size 1024K, 3 young (3072K), 3 survivors (3072K)
 Metaspace       used 87920K, capacity 90460K, committed 90536K, reserved 1128448K
  class space    used 11501K, capacity 12457K, committed 12504K, reserved 1048576K
}

